[0.014s] Invoking command in '/root/ws/src/px4_ros2_com/build/px4_ros_com': CMAKE_PREFIX_PATH=${CMAKE_PREFIX_PATH}:/opt/ros/foxy /usr/bin/cmake /root/ws/src/px4_ros2_com -DAMENT_CMAKE_SYMLINK_INSTALL=1 -DCMAKE_INSTALL_PREFIX=/root/ws/src/px4_ros2_com/install/px4_ros_com
[0.066s] -- The C compiler identification is GNU 9.4.0
[0.108s] -- The CXX compiler identification is GNU 9.4.0
[0.111s] -- Check for working C compiler: /usr/lib/ccache/cc
[0.174s] -- Check for working C compiler: /usr/lib/ccache/cc -- works
[0.174s] -- Detecting C compiler ABI info
[0.219s] -- Detecting C compiler ABI info - done
[0.227s] -- Detecting C compile features
[0.227s] -- Detecting C compile features - done
[0.229s] -- Check for working CXX compiler: /usr/lib/ccache/c++
[0.297s] -- Check for working CXX compiler: /usr/lib/ccache/c++ -- works
[0.298s] -- Detecting CXX compiler ABI info
[0.352s] -- Detecting CXX compiler ABI info - done
[0.363s] -- Detecting CXX compile features
[0.363s] -- Detecting CXX compile features - done
[0.365s] -- Found ament_cmake: 0.9.12 (/opt/ros/foxy/share/ament_cmake/cmake)
[0.383s] -- Found PythonInterp: /usr/bin/python3 (found suitable version "3.8.10", minimum required is "3") 
[0.383s] -- Using PYTHON_EXECUTABLE: /usr/bin/python3
[0.505s] -- Override CMake install command with custom implementation using symlinks instead of copying resources
[0.531s] -- Found builtin_interfaces: 1.0.0 (/opt/ros/foxy/share/builtin_interfaces/cmake)
[0.561s] -- Using all available rosidl_typesupport_c: rosidl_typesupport_fastrtps_c;rosidl_typesupport_introspection_c
[0.567s] -- Found rosidl_adapter: 1.3.1 (/opt/ros/foxy/share/rosidl_adapter/cmake)
[0.665s] -- Found OpenSSL: /usr/lib/x86_64-linux-gnu/libcrypto.so (found version "1.1.1f")  
[0.700s] -- Found FastRTPS: /opt/ros/foxy/include  
[0.776s] -- Using all available rosidl_typesupport_cpp: rosidl_typesupport_fastrtps_cpp;rosidl_typesupport_introspection_cpp
[0.796s] -- Found eigen3_cmake_module: 0.1.1 (/opt/ros/foxy/share/eigen3_cmake_module/cmake)
[0.799s] -- Found Eigen3: TRUE (found version "3.3.7") 
[0.800s] -- Found geometry_msgs: 2.0.5 (/opt/ros/foxy/share/geometry_msgs/cmake)
[0.842s] -- Found px4_msgs: 2.0.1 (/root/ws/install/px4_msgs/share/px4_msgs/cmake)
[0.856s] -- Found rclcpp: 2.4.3 (/opt/ros/foxy/share/rclcpp/cmake)
[0.888s] -- Found rmw_implementation_cmake: 1.0.4 (/opt/ros/foxy/share/rmw_implementation_cmake/cmake)
[0.889s] -- Using RMW implementation 'rmw_fastrtps_cpp' as default
[0.896s] -- Looking for pthread.h
[0.960s] -- Looking for pthread.h - found
[0.960s] -- Performing Test CMAKE_HAVE_LIBC_PTHREAD
[1.027s] -- Performing Test CMAKE_HAVE_LIBC_PTHREAD - Failed
[1.027s] -- Looking for pthread_create in pthreads
[1.077s] -- Looking for pthread_create in pthreads - not found
[1.077s] -- Looking for pthread_create in pthread
[1.127s] -- Looking for pthread_create in pthread - found
[1.128s] -- Found Threads: TRUE  
[1.228s] -- Found sensor_msgs: 2.0.5 (/opt/ros/foxy/share/sensor_msgs/cmake)
[1.308s] CMake Error at /opt/ros/foxy/share/ament_cmake_python/cmake/ament_python_install_package.cmake:46 (message):
[1.308s]   ament_python_install_package() the Python package folder
[1.308s]   '/root/ws/src/px4_ros2_com/px4_ros_com' doesn't contain an '__init__.py'
[1.308s]   file
[1.308s] Call Stack (most recent call first):
[1.308s]   /opt/ros/foxy/share/ament_cmake_python/cmake/ament_python_install_package.cmake:28 (_ament_cmake_python_install_package)
[1.308s]   CMakeLists.txt:69 (ament_python_install_package)
[1.308s] 
[1.308s] 
[1.309s] -- Configuring incomplete, errors occurred!
[1.309s] See also "/root/ws/src/px4_ros2_com/build/px4_ros_com/CMakeFiles/CMakeOutput.log".
[1.309s] See also "/root/ws/src/px4_ros2_com/build/px4_ros_com/CMakeFiles/CMakeError.log".
[1.316s] Invoked command in '/root/ws/src/px4_ros2_com/build/px4_ros_com' returned '1': CMAKE_PREFIX_PATH=${CMAKE_PREFIX_PATH}:/opt/ros/foxy /usr/bin/cmake /root/ws/src/px4_ros2_com -DAMENT_CMAKE_SYMLINK_INSTALL=1 -DCMAKE_INSTALL_PREFIX=/root/ws/src/px4_ros2_com/install/px4_ros_com
